El paquete kernel-headers-4.1.3-200.fc22.x86_64 ya se encuentra instalado, omitiendo.
advertencia:/var/cache/dnf/x86_64/22/rpmfusion-free/packages/gstreamer-plugins-bad-0.10.23-7.fc22.x86_64.rpm: EncabezadoV4 RSA/SHA1 Signature, ID de clave 97f4d1c1: NOKEY
Importando llave GPG 0x97F4D1C1:
ID usuario: "RPM Fusion free repository for Fedora (22) <rpmfusion-buildsys@lists.rpmfusion.org>"
Huella: 5065 885A 371C 6200 3ED7 AC4F 81C9 B423 97F4 D1C1
Desde: /etc/pki/rpm-gpg/RPM-GPG-KEY-rpmfusion-free-fedora-22
advertencia:Generando 4 índice(s) faltante(s), espere…
advertencia:/var/cache/dnf/x86_64/22/rpmfusion-nonfree/packages/gstreamer-plugins-bad-nonfree-0.10.23-3.fc22.x86_64.rpm: EncabezadoV4 RSA/SHA1 Signature, ID de clave a6708da3: NOKEY
Importando llave GPG 0xA6708DA3:
ID usuario: "RPM Fusion nonfree repository for Fedora (22) <rpmfusion-buildsys@lists.rpmfusion.org>"
Huella: BAD2 40A4 79FF 87E7 791E 105F 27D7 7A09 A670 8DA3
Desde: /etc/pki/rpm-gpg/RPM-GPG-KEY-rpmfusion-nonfree-fedora-22
El paquete gstreamer1-plugins-bad-free-1.4.5-3.fc22.x86_64 ya se encuentra instalado, omitiendo.
El paquete gstreamer1-plugins-good-1.4.5-3.fc22.x86_64 ya se encuentra instalado, omitiendo.
El paquete gstreamer1-plugins-base-1.4.5-2.fc22.x86_64 ya se encuentra instalado, omitiendo.
El paquete gstreamer1-1.4.5-1.fc22.x86_64 ya se encuentra instalado, omitiendo.
El paquete evince-3.16.0-2.fc22.x86_64 ya se encuentra instalado, omitiendo.
El paquete git-2.4.0-1.fc22.x86_64 ya se encuentra instalado, omitiendo.
El paquete binutils-2.25-8.fc22.x86_64 ya se encuentra instalado, omitiendo.
El paquete gcc-5.1.1-1.fc22.x86_64 ya se encuentra instalado, omitiendo.
El paquete make-1:4.0-3.1.fc22.x86_64 ya se encuentra instalado, omitiendo.
El paquete patch-2.7.5-1.fc22.x86_64 ya se encuentra instalado, omitiendo.
El paquete libgomp-5.1.1-1.fc22.x86_64 ya se encuentra instalado, omitiendo.
El paquete glibc-headers-2.21-5.fc22.x86_64 ya se encuentra instalado, omitiendo.
El paquete glibc-devel-2.21-5.fc22.x86_64 ya se encuentra instalado, omitiendo.
El paquete kernel-headers-4.1.3-200.fc22.x86_64 ya se encuentra instalado, omitiendo.
El paquete kernel-devel-4.1.3-200.fc22.x86_64 ya se encuentra instalado, omitiendo.
advertencia:/var/cache/dnf/x86_64/22/virtualbox/packages/VirtualBox-5.0-5.0.0_101573_fedora22-1.x86_64.rpm: EncabezadoV4 DSA/SHA1 Signature, ID de clave 98ab5139: NOKEY
Importando llave GPG 0x98AB5139:
ID usuario: "Oracle Corporation (VirtualBox archive signing key) <info@virtualbox.org>"
Huella: 7B0F AB3A 13B9 0743 5925 D9C9 5442 2A4B 98AB 5139
Desde: https://www.virtualbox.org/download/oracle_vbox.asc
Generating grub configuration file ...
Encontrada imagen de linux: /boot/vmlinuz-4.1.3-200.fc22.x86_64
Encontrada imagen de memoria inicial: /boot/initramfs-4.1.3-200.fc22.x86_64.img
Encontrada imagen de linux: /boot/vmlinuz-4.0.4-301.fc22.x86_64
Encontrada imagen de memoria inicial: /boot/initramfs-4.0.4-301.fc22.x86_64.img
Encontrada imagen de linux: /boot/vmlinuz-0-rescue-a84435741777422eb4c638ea4638251d
Encontrada imagen de memoria inicial: /boot/initramfs-0-rescue-a84435741777422eb4c638ea4638251d.img
Encontrado Windows 7 (loader) en /dev/sda1
hecho
No existe el comando: kmod-nvidia-340xx. Por favor, utilice /bin/dnf --help
