

<class 'LktUtility.Log.Log'>
23/12/2014  17:48
['Familiar', 'of', 'Zero', 'Zero', 'no', 'Tsukaima', 'Ending']
Familiar of Zero (Zero no Tsukaima) Ending 2.mp3
['Zero', 'no', 'Tsukaima', 'Opening', 'FULL']
Zero no Tsukaima Opening 3 ((FULL)).mp3
['Isshuukan', 'Friends', 'ED', 'Kanade', 'Original', '', 'SUKIMASWITCH']
Isshuukan Friends ED Kanade (Original)  スキマスイッチ SUKIMASWITCH.mp3
['Code', 'Geass', 'R', '', 'End', 'World', 'OP']
Code Geass R2 - End World (OP2).mp3
['Trust', 'Me', 'Yuya', 'Matsushita']
Trust Me (Yuya Matsushita).mp3
['Zero', 'no', 'Tsukaima', 'Opening', 'Season', 'FULL', 'w', 'lyrics']
Zero no Tsukaima Opening Season 2 FULL -w lyrics.mp3
['Hyouka', 'Madoromi', 'no', 'Yakusoku', 'Ending', '']
Hyouka - Madoromi no Yakusoku (Ending 1).mp3
['Hyouka', 'Opening', 'Full', 'Lyrics']
Hyouka Opening 1 Full Lyrics.mp3
['Elfen', 'Lied', 'Lilium', 'Caja', 'musical', 'Version', 'Extendida']
Elfen Lied Lilium (Caja musical) Version Extendida.mp3
['Elfen', 'Lied', 'Ending', 'Be', 'Your', 'Girl']
Elfen Lied Ending 1 'Be Your Girl'.mp3
['toradora', 'opening', 'full']
toradora opening 1 full.mp3
['Another', 'Ending', 'Full']
アナザー Another Ending Full.mp3
['Phantom', 'Requiem', 'for', 'the', 'Phantom', 'op', 'full']
Phantom- Requiem for the Phantom op 2 full.mp3
['Requiem', 'for', 'the', 'Phantom', 'Inspired', 'Zwei', '', 'Haitoku', 'no', 'Gajou']
Requiem for the Phantom- Inspired Zwei - Haitoku no Gajou.mp3
['Hyouka', 'Opening', 'Full', 'Lyrics']
Hyouka Opening 2 Full Lyrics.mp3
['KadokawaAMV', 'God', 'knows', 'The', 'Melancholy', 'of', 'Haruhi', 'SuzumiyaFull', '', 'Lyrics']
【Kadokawa公認AMV】 God knows... ''The Melancholy of Haruhi Suzumiya''　Full - Lyrics.mp3
['Missing', 'You', 'LISA', 'KOMINE', 'lyric', 'on', 'screen', '', 'w', 'Download', 'Link']
Missing You - LISA KOMINE [ lyric on screen ] w Download Link.mp3
['Zero', 'no', 'Tsukaima', 'F', 'OP', 'Single', '', 'ILL', 'BE', 'THERE', 'FOR', 'YOU']
Zero no Tsukaima F OP Single - I'LL BE THERE FOR YOU.mp3
['Code', 'Geass', 'R', 'Waga', 'Routashi', 'Aku', 'no', 'Hana', '', '', 'My', 'Beautifully', 'Elegant', 'Flower', 'Of', 'Evi']
Code Geass R2 - Waga Routashi Aku no Hana - My Beautifully Elegant Flower Of Evi.mp3
['First', 'kiss', 'Primer', 'Beso', '', 'Zero', 'No', 'Tsukaima', 'RP', 'Sub', 'Espaol']
First kiss (Primer Beso) - Zero No Tsukaima (RP) Sub Español.mp3
['Code', 'Geass', '', 'Continued', 'Story']
Code Geass - Continued Story.mp3
['Clannad', 'opening', 'theme', 'full']
Clannad opening theme full.mp3
['Isshuukan', 'Friends', 'Ending', 'Sub', 'espaol', '', 'romaji', 'Kanade', '', '', 'Sora']
Isshuukan Friends - Ending - Sub español & romaji (Kanade - Sora).mp3
['Elfen', 'Lied', 'Lilium', 'versin', 'extendida', 'sub', 'espaol']
Elfen Lied-Lilium versión extendida sub. español.mp3
['Hitomi', 'no', 'Tsubasa', 'Female', 'Version', 'Access']
Hitomi no Tsubasa (Female Version)- Access.mp3
['Phantom', 'Requiem', 'for', 'the', 'Phantom', '', '', 'KARMA']
Phantom  - Requiem for the Phantom -  KARMA.mp3
['Mangaka', 'San', 'To', 'Assistant', 'San', 'To', 'OP', 'full']
Mangaka-San To Assistant-San To OP full.mp3
['Clannad', 'After', 'Story', 'Ending', 'Full']
Clannad After Story Ending (Full).mp3
['Kimi', 'ni', 'Matsuwaru', 'Mystery', 'Sub', 'Espaol']
Kimi ni Matsuwaru Mystery-Sub Español.mp3


<class 'LktUtility.Log.Log'>
23/12/2014  17:48
['Familiar', 'of', 'Zero', 'Zero', 'no', 'Tsukaima', 'Ending']
Familiar of Zero (Zero no Tsukaima) Ending 2.mp3

['Zero', 'no', 'Tsukaima', 'Opening', 'FULL']
Zero no Tsukaima Opening 3 ((FULL)).mp3

['Isshuukan', 'Friends', 'ED', 'Kanade', 'Original', '', 'SUKIMASWITCH']
Isshuukan Friends ED Kanade (Original)  スキマスイッチ SUKIMASWITCH.mp3

['Code', 'Geass', 'R', '', 'End', 'World', 'OP']
Code Geass R2 - End World (OP2).mp3

['Trust', 'Me', 'Yuya', 'Matsushita']
Trust Me (Yuya Matsushita).mp3

['Zero', 'no', 'Tsukaima', 'Opening', 'Season', 'FULL', 'w', 'lyrics']
Zero no Tsukaima Opening Season 2 FULL -w lyrics.mp3

['Hyouka', 'Madoromi', 'no', 'Yakusoku', 'Ending', '']
Hyouka - Madoromi no Yakusoku (Ending 1).mp3

['Hyouka', 'Opening', 'Full', 'Lyrics']
Hyouka Opening 1 Full Lyrics.mp3

['Elfen', 'Lied', 'Lilium', 'Caja', 'musical', 'Version', 'Extendida']
Elfen Lied Lilium (Caja musical) Version Extendida.mp3

['Elfen', 'Lied', 'Ending', 'Be', 'Your', 'Girl']
Elfen Lied Ending 1 'Be Your Girl'.mp3

['toradora', 'opening', 'full']
toradora opening 1 full.mp3

['Another', 'Ending', 'Full']
アナザー Another Ending Full.mp3

['Phantom', 'Requiem', 'for', 'the', 'Phantom', 'op', 'full']
Phantom- Requiem for the Phantom op 2 full.mp3

['Requiem', 'for', 'the', 'Phantom', 'Inspired', 'Zwei', '', 'Haitoku', 'no', 'Gajou']
Requiem for the Phantom- Inspired Zwei - Haitoku no Gajou.mp3

['Hyouka', 'Opening', 'Full', 'Lyrics']
Hyouka Opening 2 Full Lyrics.mp3

['KadokawaAMV', 'God', 'knows', 'The', 'Melancholy', 'of', 'Haruhi', 'SuzumiyaFull', '', 'Lyrics']
【Kadokawa公認AMV】 God knows... ''The Melancholy of Haruhi Suzumiya''　Full - Lyrics.mp3

['Missing', 'You', 'LISA', 'KOMINE', 'lyric', 'on', 'screen', '', 'w', 'Download', 'Link']
Missing You - LISA KOMINE [ lyric on screen ] w Download Link.mp3

['Zero', 'no', 'Tsukaima', 'F', 'OP', 'Single', '', 'ILL', 'BE', 'THERE', 'FOR', 'YOU']
Zero no Tsukaima F OP Single - I'LL BE THERE FOR YOU.mp3

['Code', 'Geass', 'R', 'Waga', 'Routashi', 'Aku', 'no', 'Hana', '', '', 'My', 'Beautifully', 'Elegant', 'Flower', 'Of', 'Evi']
Code Geass R2 - Waga Routashi Aku no Hana - My Beautifully Elegant Flower Of Evi.mp3

['First', 'kiss', 'Primer', 'Beso', '', 'Zero', 'No', 'Tsukaima', 'RP', 'Sub', 'Espaol']
First kiss (Primer Beso) - Zero No Tsukaima (RP) Sub Español.mp3

['Code', 'Geass', '', 'Continued', 'Story']
Code Geass - Continued Story.mp3

['Clannad', 'opening', 'theme', 'full']
Clannad opening theme full.mp3

['Isshuukan', 'Friends', 'Ending', 'Sub', 'espaol', '', 'romaji', 'Kanade', '', '', 'Sora']
Isshuukan Friends - Ending - Sub español & romaji (Kanade - Sora).mp3

['Elfen', 'Lied', 'Lilium', 'versin', 'extendida', 'sub', 'espaol']
Elfen Lied-Lilium versión extendida sub. español.mp3

['Hitomi', 'no', 'Tsubasa', 'Female', 'Version', 'Access']
Hitomi no Tsubasa (Female Version)- Access.mp3

['Phantom', 'Requiem', 'for', 'the', 'Phantom', '', '', 'KARMA']
Phantom  - Requiem for the Phantom -  KARMA.mp3

['Mangaka', 'San', 'To', 'Assistant', 'San', 'To', 'OP', 'full']
Mangaka-San To Assistant-San To OP full.mp3

['Clannad', 'After', 'Story', 'Ending', 'Full']
Clannad After Story Ending (Full).mp3

['Kimi', 'ni', 'Matsuwaru', 'Mystery', 'Sub', 'Espaol']
Kimi ni Matsuwaru Mystery-Sub Español.mp3



<class 'LktUtility.Log.Log'>
23/12/2014  17:50
['Familiar', 'of', 'Zero', 'Zero', 'no', 'Tsukaima', 'Ending', '']
Familiar of Zero (Zero no Tsukaima) Ending 2.mp3

['Zero', 'no', 'Tsukaima', 'Opening', '', 'FULL']
Zero no Tsukaima Opening 3 ((FULL)).mp3

['Isshuukan', 'Friends', 'ED', 'Kanade', 'Original', '', '', 'SUKIMASWITCH']
Isshuukan Friends ED Kanade (Original)  スキマスイッチ SUKIMASWITCH.mp3

['Code', 'Geass', 'R', '', '', 'End', 'World', 'OP']
Code Geass R2 - End World (OP2).mp3

['Trust', 'Me', 'Yuya', 'Matsushita']
Trust Me (Yuya Matsushita).mp3

['Zero', 'no', 'Tsukaima', 'Opening', 'Season', '', 'FULL', '', 'w', 'lyrics']
Zero no Tsukaima Opening Season 2 FULL -w lyrics.mp3

['Hyouka', '', '', 'Madoromi', 'no', 'Yakusoku', 'Ending', '']
Hyouka - Madoromi no Yakusoku (Ending 1).mp3

['Hyouka', 'Opening', '', 'Full', 'Lyrics']
Hyouka Opening 1 Full Lyrics.mp3

['Elfen', 'Lied', 'Lilium', 'Caja', 'musical', 'Version', 'Extendida']
Elfen Lied Lilium (Caja musical) Version Extendida.mp3

['Elfen', 'Lied', 'Ending', '', 'Be', 'Your', 'Girl']
Elfen Lied Ending 1 'Be Your Girl'.mp3

['toradora', 'opening', '', 'full']
toradora opening 1 full.mp3

['', 'Another', 'Ending', 'Full']
アナザー Another Ending Full.mp3

['Phantom', '', 'Requiem', 'for', 'the', 'Phantom', 'op', '', 'full']
Phantom- Requiem for the Phantom op 2 full.mp3

['Requiem', 'for', 'the', 'Phantom', '', 'Inspired', 'Zwei', '', '', 'Haitoku', 'no', 'Gajou']
Requiem for the Phantom- Inspired Zwei - Haitoku no Gajou.mp3

['Hyouka', 'Opening', '', 'Full', 'Lyrics']
Hyouka Opening 2 Full Lyrics.mp3

['KadokawaAMV', 'God', 'knows', 'The', 'Melancholy', 'of', 'Haruhi', 'SuzumiyaFull', '', '', 'Lyrics']
【Kadokawa公認AMV】 God knows... ''The Melancholy of Haruhi Suzumiya''　Full - Lyrics.mp3

['Missing', 'You', '', '', 'LISA', 'KOMINE', '', 'lyric', 'on', 'screen', '', 'w', 'Download', 'Link']
Missing You - LISA KOMINE [ lyric on screen ] w Download Link.mp3

['Zero', 'no', 'Tsukaima', 'F', 'OP', 'Single', '', '', 'ILL', 'BE', 'THERE', 'FOR', 'YOU']
Zero no Tsukaima F OP Single - I'LL BE THERE FOR YOU.mp3

['Code', 'Geass', 'R', '', '', 'Waga', 'Routashi', 'Aku', 'no', 'Hana', '', '', 'My', 'Beautifully', 'Elegant', 'Flower', 'Of', 'Evi']
Code Geass R2 - Waga Routashi Aku no Hana - My Beautifully Elegant Flower Of Evi.mp3

['First', 'kiss', 'Primer', 'Beso', '', '', 'Zero', 'No', 'Tsukaima', 'RP', 'Sub', 'Espaol']
First kiss (Primer Beso) - Zero No Tsukaima (RP) Sub Español.mp3

['Code', 'Geass', '', '', 'Continued', 'Story']
Code Geass - Continued Story.mp3

['Clannad', 'opening', 'theme', 'full']
Clannad opening theme full.mp3

['Isshuukan', 'Friends', '', '', 'Ending', '', '', 'Sub', 'espaol', '', 'romaji', 'Kanade', '', '', 'Sora']
Isshuukan Friends - Ending - Sub español & romaji (Kanade - Sora).mp3

['Elfen', 'Lied', 'Lilium', 'versin', 'extendida', 'sub', 'espaol']
Elfen Lied-Lilium versión extendida sub. español.mp3

['Hitomi', 'no', 'Tsubasa', 'Female', 'Version', '', 'Access']
Hitomi no Tsubasa (Female Version)- Access.mp3

['Phantom', '', '', '', 'Requiem', 'for', 'the', 'Phantom', '', '', '', 'KARMA']
Phantom  - Requiem for the Phantom -  KARMA.mp3

['Mangaka', 'San', 'To', 'Assistant', 'San', 'To', 'OP', 'full']
Mangaka-San To Assistant-San To OP full.mp3

['Clannad', 'After', 'Story', 'Ending', 'Full']
Clannad After Story Ending (Full).mp3

['Kimi', 'ni', 'Matsuwaru', 'Mystery', 'Sub', 'Espaol']
Kimi ni Matsuwaru Mystery-Sub Español.mp3

